Arguments: 
  C:\Program Files\nodejs\node.exe C:\Users\任金辉\AppData\Local\Yarn\Data\global\node_modules\yarn\bin\yarn.js add react-router-dom

PATH: 
  C:\Program Files (x86)\Common Files\Oracle\Java\javapath;C:\Program Files (x86)\Intel\iCLS Client\;C:\Program Files\Intel\iCLS Client\;C:\WINDOWS\system32;C:\WINDOWS;C:\WINDOWS\System32\Wbem;C:\WINDOWS\System32\WindowsPowerShell\v1.0\;C:\Program Files (x86)\Intel\Intel(R) Management Engine Components\DAL;C:\Program Files\Intel\Intel(R) Management Engine Components\DAL;C:\Program Files (x86)\Intel\Intel(R) Management Engine Components\IPT;C:\Program Files\Intel\Intel(R) Management Engine Components\IPT;C:\Program Files\Git\cmd;C:\WINDOWS\System32\OpenSSH\;C:\Program Files\Microsoft VS Code\bin;C:\Program Files\JetBrains\WebStorm 2018.1.2\bin\webstorm64.exe;C:\Users\任金辉\AppData\Local\Yarn\bin;C:\Program Files\Intel\WiFi\bin\;C:\Program Files\Common Files\Intel\WirelessCommon\;C:\Program Files\nodejs\;C:\Users\任金辉\AppData\Local\Programs\Python\Python37\Scripts\;C:\Users\任金辉\AppData\Local\Programs\Python\Python37\;C:\Users\任金辉\AppData\Local\Microsoft\WindowsApps;C:\Users\任金辉\AppData\Local\BypassRuntm;C:\Users\任金辉\AppData\Local\Microsoft\WindowsApps;C:\flutter_learn\flutter\bin;C:\SDK;C:\Users\任金辉\AppData\Roaming\npm;

Yarn version: 
  1.22.10

Node version: 
  12.13.1

Platform: 
  win32 x64

Trace: 
  Error: connect ETIMEDOUT 104.16.24.35:443
      at TCPConnectWrap.afterConnect [as oncomplete] (net.js:1129:14)

npm manifest: 
  {
    "name": "seven-frame-courses",
    "version": "1.0.0",
    "description": "",
    "main": "index.js",
    "scripts": {
      "test": "echo \"Error: no test specified\" && exit 1"
    },
    "repository": {
      "type": "git",
      "url": "git@gitee.com:renjinhui/seven-frame-courses.git"
    },
    "keywords": [],
    "author": "",
    "license": "ISC",
    "dependencies": {
      "commander": "^6.2.1",
      "echarts": "^5.0.2",
      "vue": "2.6.9"
    }
  }

yarn manifest: 
  No manifest

Lockfile: 
  # THIS IS AN AUTOGENERATED FILE. DO NOT EDIT THIS FILE DIRECTLY.
  # yarn lockfile v1
  
  
  commander@^6.2.1:
    version "6.2.1"
    resolved "https://registry.yarnpkg.com/commander/-/commander-6.2.1.tgz#0792eb682dfbc325999bb2b84fddddba110ac73c"
    integrity sha512-U7VdrJFnJgo4xjrHpTzu0yrHPGImdsmD95ZlgYSEajAn2JKzDhDTPG9kBTefmObL2w/ngeZnilk+OV9CG3d7UA==
  
  echarts@^5.0.2:
    version "5.0.2"
    resolved "https://registry.yarnpkg.com/echarts/-/echarts-5.0.2.tgz#1726d17a57cf05d62cd0567b4325e1201a56baf6"
    integrity sha512-En0VYpc96nw2/2AZoBWPHsGi471zMublttj50kfFpYAeR4geup0Tj9iVgEXh7QYZFPnRiruDJEjcB5PXZ+BYzQ==
    dependencies:
      tslib "2.0.3"
      zrender "5.0.4"
  
  tslib@2.0.3:
    version "2.0.3"
    resolved "https://registry.yarnpkg.com/tslib/-/tslib-2.0.3.tgz#8e0741ac45fc0c226e58a17bfc3e64b9bc6ca61c"
    integrity sha512-uZtkfKblCEQtZKBF6EBXVZeQNl82yqtDQdv+eck8u7tdPxjLu2/lp5/uPW+um2tpuxINHWy3GhiccY7QgEaVHQ==
  
  vue@2.6.9:
    version "2.6.9"
    resolved "https://registry.yarnpkg.com/vue/-/vue-2.6.9.tgz#415c1cc1a5ed00c8f0acdd0a948139d12b7ea6b3"
    integrity sha512-t1+tvH8hybPM86oNne3ZozCD02zj/VoZIiojOBPJLjwBn7hxYU5e1gBObFpq8ts1NEn1VhPf/hVXBDAJ3X5ljg==
  
  zrender@5.0.4:
    version "5.0.4"
    resolved "https://registry.yarnpkg.com/zrender/-/zrender-5.0.4.tgz#89c355af908b9f64a301b38f751b7951f2c8a95a"
    integrity sha512-DJpy0yrHYY5CuH6vhb9IINWbjvBUe/56J8aH86Jb7O8rRPAYZ3M2E469Qf5B3EOIfM3o3aUrO5edRQfLJ+l1Qw==
    dependencies:
      tslib "2.0.3"
